<?xml version='1.0' encoding='UTF-8'?>
<testsuite hostname="localhost.localdomain" name="MymoduleTest" tests="1" errors="0" failures="0" skipped="0" time="2.301" timestamp="2023-10-30T09:44:24">
          <properties>
      <property name="jline.esc.timeout" value="0"/><property name="jna.platform.library.path" value="/usr/lib64:/lib64:/usr/lib:/lib:/usr/lib64/dyninst:/usr/lib64/qt-3.3/lib:/usr/lib64/mysql:/usr/lib64/iscsi:/usr/lib64//bind9-export"/><property name="java.runtime.name" value="OpenJDK Runtime Environment"/><property name="sun.boot.library.path" value="/data/tool/verdi23/verdi/U-2023.03/share/jre/openjdk-8u302-b08/linux64/lib/amd64"/><property name="java.vm.version" value="25.302-b08"/><property name="java.vm.vendor" value="Oracle Corporation"/><property name="java.vendor.url" value="http://java.oracle.com/"/><property name="path.separator" value=":"/><property name="jna.loaded" value="true"/><property name="java.vm.name" value="OpenJDK 64-Bit Server VM"/><property name="file.encoding.pkg" value="sun.io"/><property name="user.country" value="US"/><property name="sun.java.launcher" value="SUN_STANDARD"/><property name="sun.os.patch.level" value="unknown"/><property name="jna.nosys" value="true"/><property name="java.vm.specification.name" value="Java Virtual Machine Specification"/><property name="user.dir" value="/home/chen/ysyx/chisel-book/ex1"/><property name="java.runtime.version" value="1.8.0_302-b08"/><property name="java.awt.graphicsenv" value="sun.awt.X11GraphicsEnvironment"/><property name="java.endorsed.dirs" value="/data/tool/verdi23/verdi/U-2023.03/share/jre/openjdk-8u302-b08/linux64/lib/endorsed"/><property name="os.arch" value="amd64"/><property name="java.io.tmpdir" value="/tmp"/><property name="line.separator" value="
"/><property name="java.vm.specification.vendor" value="Oracle Corporation"/><property name="log4j.ignoreTCL" value="true"/><property name="os.name" value="Linux"/><property name="sun.jnu.encoding" value="ANSI_X3.4-1968"/><property name="jnidispatch.path" value="/home/chen/.cache/JNA/temp/jna4062143822646208149.tmp"/><property name="java.library.path" value="/data/tool/verdi23/verdi/U-2023.03/platform/LINUXAMD64/bin:/data/tool/verdi23/verdi/U-2023.03/platform/LINUXAMD64/lib/Qt:/data/tool/verdi23/verdi/U-2023.03/platform/LINUXAMD64/lib/tbb:/data/tool/verdi23/verdi/U-2023.03/etc/lib/libstdc++/LINUXAMD64:/data/tool/verdi23/verdi/U-2023.03/share/NPI/lib/LINUXAMD64:/data/tool/verdi23/verdi/U-2023.03/platform/LINUXAMD64/lib/zebu::/usr/java/packages/lib/amd64:/usr/lib64:/lib64:/lib:/usr/lib"/><property name="java.specification.name" value="Java Platform API Specification"/><property name="java.class.version" value="52.0"/><property name="sbt.ipcsocket.tmpdir" value="/run/user/1005/.sbt1063c667/ipcsocket"/><property name="sun.management.compiler" value="HotSpot 64-Bit Tiered Compilers"/><property name="os.version" value="3.10.0-1160.102.1.el7.x86_64"/><property name="swoval.tmpdir" value="/run/user/1005/.sbt1063c667/swoval"/><property name="user.home" value="/home/chen"/><property name="user.timezone" value="Asia/Shanghai"/><property name="java.awt.printerjob" value="sun.print.PSPrinterJob"/><property name="file.encoding" value="UTF-8"/><property name="java.specification.version" value="1.8"/><property name="java.class.path" value="/home/chen/.cache/sbt/boot/sbt-launch/1.9.7/sbt-launch-1.9.7.jar"/><property name="user.name" value="chen"/><property name="jline.shutdownhook" value="false"/><property name="java.vm.specification.version" value="1.8"/><property name="sun.java.command" value="/home/chen/.cache/sbt/boot/sbt-launch/1.9.7/sbt-launch-1.9.7.jar test"/><property name="java.home" value="/data/tool/verdi23/verdi/U-2023.03/share/jre/openjdk-8u302-b08/linux64"/><property name="sun.arch.data.model" value="64"/><property name="user.language" value="en"/><property name="java.specification.vendor" value="Oracle Corporation"/><property name="awt.toolkit" value="sun.awt.X11.XToolkit"/><property name="java.vm.info" value="mixed mode"/><property name="java.version" value="1.8.0_302"/><property name="java.ext.dirs" value="/data/tool/verdi23/verdi/U-2023.03/share/jre/openjdk-8u302-b08/linux64/lib/ext:/usr/java/packages/lib/ext"/><property name="sun.boot.class.path" value="/data/tool/verdi23/verdi/U-2023.03/share/jre/openjdk-8u302-b08/linux64/lib/resources.jar:/data/tool/verdi23/verdi/U-2023.03/share/jre/openjdk-8u302-b08/linux64/lib/rt.jar:/data/tool/verdi23/verdi/U-2023.03/share/jre/openjdk-8u302-b08/linux64/lib/sunrsasign.jar:/data/tool/verdi23/verdi/U-2023.03/share/jre/openjdk-8u302-b08/linux64/lib/jsse.jar:/data/tool/verdi23/verdi/U-2023.03/share/jre/openjdk-8u302-b08/linux64/lib/jce.jar:/data/tool/verdi23/verdi/U-2023.03/share/jre/openjdk-8u302-b08/linux64/lib/charsets.jar:/data/tool/verdi23/verdi/U-2023.03/share/jre/openjdk-8u302-b08/linux64/lib/jfr.jar:/data/tool/verdi23/verdi/U-2023.03/share/jre/openjdk-8u302-b08/linux64/classes"/><property name="java.vendor" value="Oracle Corporation"/><property name="file.separator" value="/"/><property name="java.vendor.url.bug" value="http://bugreport.sun.com/bugreport/"/><property name="sun.io.unicode.encoding" value="UnicodeLittle"/><property name="sun.cpu.endian" value="little"/><property name="sbt.script" value="/usr/bin/sbt"/><property name="sun.cpu.isalist" value=""/>
    </properties>
          <testcase classname="MymoduleTest" name="Waveform should pass" time="2.301">
                      
                    </testcase>
          <system-out><![CDATA[]]></system-out>
          <system-err><![CDATA[]]></system-err>
        </testsuite>